loading annotations into memory...
Done (t=0.86s)
creating index...
index created!
loading annotations into memory...
Done (t=0.06s)
creating index...
index created!
Epoch [0/200], Step [0/1849], Loss: 9.2154, Perplexity: 10050.7411
Epoch [0/200], Step [100/1849], Loss: 2.2826, Perplexity: 9.8026
Epoch [0/200], Step [200/1849], Loss: 0.9413, Perplexity: 2.5633
Epoch [0/200], Step [300/1849], Loss: 0.5415, Perplexity: 1.7186
Epoch [0/200], Step [400/1849], Loss: 0.3790, Perplexity: 1.4609
Epoch [0/200], Step [500/1849], Loss: 0.2885, Perplexity: 1.3344
Epoch [0/200], Step [600/1849], Loss: 0.2417, Perplexity: 1.2734
Epoch [0/200], Step [700/1849], Loss: 0.3297, Perplexity: 1.3906
Epoch [0/200], Step [800/1849], Loss: 0.2725, Perplexity: 1.3132
Epoch [0/200], Step [900/1849], Loss: 0.1944, Perplexity: 1.2146
Epoch [0/200], Step [1000/1849], Loss: 0.1992, Perplexity: 1.2205
Epoch [0/200], Step [1100/1849], Loss: 0.1909, Perplexity: 1.2103
Epoch [0/200], Step [1200/1849], Loss: 0.1580, Perplexity: 1.1711
Epoch [0/200], Step [1300/1849], Loss: 0.0980, Perplexity: 1.1030
Epoch [0/200], Step [1400/1849], Loss: 0.0368, Perplexity: 1.0374
Epoch [0/200], Step [1500/1849], Loss: 0.0506, Perplexity: 1.0519
Epoch [0/200], Step [1600/1849], Loss: 0.0917, Perplexity: 1.0960
Epoch [0/200], Step [1700/1849], Loss: 0.0749, Perplexity: 1.0777
Epoch [0/200], Step [1800/1849], Loss: 0.0679, Perplexity: 1.0703
{'testlen': 100000, 'reflen': 65113, 'guess': [100000, 95000, 90000, 85000], 'correct': [2807, 2, 0, 0]}
ratio: 1.5357916237924603
Bleu_1:	 0.028069999999999717
Bleu_2:	 0.0007687310117466582
Bleu_3:	 1.872558659326482e-09
Bleu_4:	 2.964639167135631e-12
{'Bleu_1': 0.028069999999999717, 'Bleu_2': 0.0007687310117466582, 'Bleu_3': 1.872558659326482e-09, 'Bleu_4': 2.964639167135631e-12}
