loading annotations into memory...
Done (t=0.88s)
creating index...
index created!
loading annotations into memory...
Done (t=0.05s)
creating index...
index created!
Epoch [0/200], Step [0/1849], Loss: 9.2103, Perplexity: 9999.8678
Epoch [0/200], Step [100/1849], Loss: 2.1629, Perplexity: 8.6960
Epoch [0/200], Step [200/1849], Loss: 0.6786, Perplexity: 1.9711
Epoch [0/200], Step [300/1849], Loss: 0.5302, Perplexity: 1.6993
Epoch [0/200], Step [400/1849], Loss: 0.4160, Perplexity: 1.5159
Epoch [0/200], Step [500/1849], Loss: 0.1705, Perplexity: 1.1858
Epoch [0/200], Step [600/1849], Loss: 0.3692, Perplexity: 1.4466
Epoch [0/200], Step [700/1849], Loss: 0.2551, Perplexity: 1.2906
Epoch [0/200], Step [800/1849], Loss: 0.2330, Perplexity: 1.2623
Epoch [0/200], Step [900/1849], Loss: 0.1947, Perplexity: 1.2149
Epoch [0/200], Step [1000/1849], Loss: 0.0749, Perplexity: 1.0778
Epoch [0/200], Step [1100/1849], Loss: 0.1834, Perplexity: 1.2013
Epoch [0/200], Step [1200/1849], Loss: 0.0734, Perplexity: 1.0761
Epoch [0/200], Step [1300/1849], Loss: 0.0408, Perplexity: 1.0417
Epoch [0/200], Step [1400/1849], Loss: 0.0759, Perplexity: 1.0788
Epoch [0/200], Step [1500/1849], Loss: 0.0830, Perplexity: 1.0866
Epoch [0/200], Step [1600/1849], Loss: 0.0689, Perplexity: 1.0713
Epoch [0/200], Step [1700/1849], Loss: 0.0397, Perplexity: 1.0405
Epoch [0/200], Step [1800/1849], Loss: 0.0368, Perplexity: 1.0375
{'testlen': 100000, 'reflen': 65113, 'guess': [100000, 95000, 90000, 85000], 'correct': [176, 0, 0, 0]}
ratio: 1.5357916237924603
Bleu_1:	 0.0017599999999999823
Bleu_2:	 4.304220694791719e-12
Bleu_3:	 5.904487185095545e-15
Bleu_4:	 2.2183593927313004e-16
{'Bleu_1': 0.0017599999999999823, 'Bleu_2': 4.304220694791719e-12, 'Bleu_3': 5.904487185095545e-15, 'Bleu_4': 2.2183593927313004e-16}
