loading annotations into memory...
Done (t=1.00s)
creating index...
index created!
Epoch [0/200], Step [0/1849], Loss: 9.2090, Perplexity: 9986.7159
Epoch [0/200], Step [100/1849], Loss: 0.6361, Perplexity: 1.8890
Epoch [0/200], Step [200/1849], Loss: 0.3179, Perplexity: 1.3743
Epoch [0/200], Step [300/1849], Loss: 0.2405, Perplexity: 1.2718
Epoch [0/200], Step [400/1849], Loss: 0.1091, Perplexity: 1.1153
Epoch [0/200], Step [500/1849], Loss: 0.1821, Perplexity: 1.1997
Epoch [0/200], Step [600/1849], Loss: 0.1040, Perplexity: 1.1096
Epoch [0/200], Step [700/1849], Loss: 0.0183, Perplexity: 1.0185
Epoch [0/200], Step [800/1849], Loss: 0.0768, Perplexity: 1.0799
Epoch [0/200], Step [900/1849], Loss: 0.0414, Perplexity: 1.0423
Epoch [0/200], Step [1000/1849], Loss: 0.0331, Perplexity: 1.0337
Epoch [0/200], Step [1100/1849], Loss: 0.0469, Perplexity: 1.0480
Epoch [0/200], Step [1200/1849], Loss: 0.0316, Perplexity: 1.0321
Epoch [0/200], Step [1300/1849], Loss: 0.0465, Perplexity: 1.0476
Epoch [0/200], Step [1400/1849], Loss: 0.0254, Perplexity: 1.0257
Epoch [0/200], Step [1500/1849], Loss: 0.0412, Perplexity: 1.0421
Epoch [0/200], Step [1600/1849], Loss: 0.0009, Perplexity: 1.0009
Epoch [0/200], Step [1700/1849], Loss: 0.0148, Perplexity: 1.0149
Epoch [0/200], Step [1800/1849], Loss: 0.0126, Perplexity: 1.0127
loading annotations into memory...
Done (t=0.32s)
creating index...
index created!
Traceback (most recent call last):
  File "/home/dd2645/IMGCaptioning/main.py", line 151, in <module>
    main()
  File "/home/dd2645/IMGCaptioning/main.py", line 147, in main
    validation()
  File "/home/dd2645/IMGCaptioning/main.py", line 140, in validation
    bleu_score = evaluate(ref_captions, output_captions)
  File "/home/dd2645/IMGCaptioning/bleu.py", line 29, in evaluate
    final_scores = score(refs, res)
  File "/home/dd2645/IMGCaptioning/bleu.py", line 14, in score
    score, scores = scorer.compute_score(ref, hypo)
  File "/home/dd2645/IMGCaptioning/pycocoevalcap/bleu.py", line 36, in compute_score
    bleu_scorer += (hypo[0], ref)
  File "/home/dd2645/IMGCaptioning/pycocoevalcap/bleu_scorer.py", line 172, in __iadd__
    self.cook_append(other[0], other[1])
  File "/home/dd2645/IMGCaptioning/pycocoevalcap/bleu_scorer.py", line 119, in cook_append
    self.crefs.append(cook_refs(refs))
  File "/home/dd2645/IMGCaptioning/pycocoevalcap/bleu_scorer.py", line 45, in cook_refs
    rl, counts = precook(ref, n)
  File "/home/dd2645/IMGCaptioning/pycocoevalcap/bleu_scorer.py", line 28, in precook
    words = s.split()
AttributeError: 'tuple' object has no attribute 'split'
slurmstepd: error: Exceeded step memory limit at some point.
slurmstepd: error: This may or may not result in some failure. The SLURM utilizes Linux cgroups for resource containment. For reference please read the explanation in the bug report: https://bugs.schedmd.com/show_bug.cgi?id=3214#c4
slurmstepd: error: Exceeded job memory limit at some point.
slurmstepd: error: This may or may not result in some failure. The SLURM utilizes Linux cgroups for resource containment. For reference please read the explanation in the bug report: https://bugs.schedmd.com/show_bug.cgi?id=3214#c4
